https://twitter.com/WattTawan12/status/1755739240351358985?t=xDP29pMNeYLo8GdSVjOjPw
https://twitter.com/VantuVatta2/status/1786730812316205317?t=V8aBo8cEO7_ebtpD_TX8zA
https://twitter.com/VantuVatta2/status/1786730812316205317?t=V8aBo8cEO7_ebtpD_TX8zA
https://twitter.com/VantuVatta2/status/1786730812316205317?t=V8aBo8cEO7_ebtpD_TX8zA
https://twitter.com/VantuVatta2/status/1786730812316205317?t=V8aBo8cEO7_ebtpD_TX8zA
https://x.com/pipat88xxx/status/1838523714675314853?t=LKxTeHOKDy7gh2GcDP6eng
https://twitter.com/VantuVatta2/status/1786730812316205317?t=V8aBo8cEO7_ebtpD_TX8zA
https://twitter.com/VantuVatta2/status/1786730812316205317?t=V8aBo8cEO7_ebtpD_TX8zA
https://twitter.com/VantuVatta2/status/1786730812316205317?t=V8aBo8cEO7_ebtpD_TX8zA
https://twitter.com/VantuVatta2/status/1786730812316205317?t=V8aBo8cEO7_ebtpD_TX8zA
https://x.com/pipat88xxx/status/1838523714675314853?t=LKxTeHOKDy7gh2GcDP6eng
https://x.com/pipat88xxx/status/1838523714675314853?t=LKxTeHOKDy7gh2GcDP6eng
https://twitter.com/VantuVatta2/status/1786730812316205317?t=V8aBo8cEO7_ebtpD_TX8zA
https://twitter.com/VantuVatta2/status/1786730812316205317?t=V8aBo8cEO7_ebtpD_TX8zA
https://twitter.com/VantuVatta2/status/1786730812316205317?t=V8aBo8cEO7_ebtpD_TX8zA
https://x.com/pipat88xxx/status/1838523714675314853?t=LKxTeHOKDy7gh2GcDP6eng
https://x.com/pipat88xxx/status/1838523714675314853?t=LKxTeHOKDy7gh2GcDP6eng
https://x.com/pipat88xxx/status/1838523714675314853?t=LKxTeHOKDy7gh2GcDP6eng
https://x.com/pipat88xxx/status/1838523714675314853?t=LKxTeHOKDy7gh2GcDP6eng
https://x.com/pipat88xxx/status/1838523714675314853?t=LKxTeHOKDy7gh2GcDP6eng
https://x.com/pipat88xxx/status/1838523714675314853?t=LKxTeHOKDy7gh2GcDP6eng
https://x.com/pipat88xxx/status/1838523714675314853?t=LKxTeHOKDy7gh2GcDP6eng
https://x.com/pipat88xxx/status/1838523714675314853?t=LKxTeHOKDy7gh2GcDP6eng
https://x.com/pipat88xxx/status/1838523714675314853?t=LKxTeHOKDy7gh2GcDP6eng
https://x.com/pipat88xxx/status/1838523714675314853?t=LKxTeHOKDy7gh2GcDP6eng
https://x.com/pipat88xxx/status/1838523714675314853?t=LKxTeHOKDy7gh2GcDP6eng
https://x.com/pipat88xxx/status/1838523714675314853?t=LKxTeHOKDy7gh2GcDP6eng
https://x.com/BLOODY_DADY/status/1838463327040917706?t=rxvEzyMXf1pfcL-2DLDNEA
https://x.com/Shishir018710/status/1829797011035656237?t=f_omDGfKPwJVNneuJ7bXsA
https://x.com/Johnbaits4358/status/1838320525657149677?t=yMxxzGpUO0HDg16N0kQ1dw
https://x.com/holdmeyosh93514/status/1837667317347664100?t=MJe67KKNpTQyWP_2d2cPuA
https://x.com/fldmry1/status/1838609820326175013?t=H7jQbclLQfSEq7R5cfb-dg
https://x.com/AExclusivex/status/1681333098737201152?t=cu8koySTtZw7BvLI64cd3g
https://x.com/AExclusivex/status/1681333098737201152?t=cu8koySTtZw7BvLI64cd3g
https://x.com/AExclusivex/status/1681333098737201152?t=cu8koySTtZw7BvLI64cd3g
https://x.com/AExclusivex/status/1681333098737201152?t=cu8koySTtZw7BvLI64cd3g
https://x.com/AExclusivex/status/1681333098737201152?t=cu8koySTtZw7BvLI64cd3g
https://x.com/AExclusivex/status/1681333098737201152?t=cu8koySTtZw7BvLI64cd3g
https://x.com/AExclusivex/status/1681333098737201152?t=cu8koySTtZw7BvLI64cd3g
https://x.com/AExclusivex/status/1681333098737201152?t=cu8koySTtZw7BvLI64cd3g
https://x.com/pipat88xxx/status/1838523714675314853?t=LKxTeHOKDy7gh2GcDP6eng
https://x.com/pipat88xxx/status/1838523714675314853?t=LKxTeHOKDy7gh2GcDP6eng
https://x.com/pipat88xxx/status/1838523714675314853?t=LKxTeHOKDy7gh2GcDP6eng
https://x.com/pipat88xxx/status/1838523714675314853?t=LKxTeHOKDy7gh2GcDP6eng
https://x.com/pipat88xxx/status/1838523714675314853?t=LKxTeHOKDy7gh2GcDP6eng
https://x.com/pipat88xxx/status/1838523714675314853?t=LKxTeHOKDy7gh2GcDP6eng
https://x.com/pipat88xxx/status/1838523714675314853?t=LKxTeHOKDy7gh2GcDP6eng
https://x.com/pipat88xxx/status/1838523714675314853?t=LKxTeHOKDy7gh2GcDP6eng
https://x.com/pipat88xxx/status/1838523714675314853?t=LKxTeHOKDy7gh2GcDP6eng
https://x.com/pipat88xxx/status/1838523714675314853?t=LKxTeHOKDy7gh2GcDP6eng
https://x.com/MediaCellPPP/status/1838548803281998291?t=PlgE00OHdOZkvdjzeMwNCQ
https://x.com/MediaCellPPP/status/1838548803281998291?t=PlgE00OHdOZkvdjzeMwNCQ
https://x.com/MediaCellPPP/status/1838548803281998291?t=PlgE00OHdOZkvdjzeMwNCQ
https://x.com/Nongmowe/status/1753744424994210300?t=S3cSIh8XEAPX5XVdVu5KgA
https://twitter.com/tituslow22/status/1838501942672216105?t=zexDfI8TR_eLV_PyyAFOYg
https://x.com/Ducati_0/status/1838556491806064943?t=pDR8lD_XbecbYIwm-6V60g
https://x.com/Ducati_0/status/1838556491806064943?t=pDR8lD_XbecbYIwm-6V60g
https://x.com/Paro_033/status/1838398825331134635?t=i9Rho2Bzs46wPTmsBr0lJg
https://x.com/drnte19/status/1836881644780679528?t=nl6PHy6DcJSkVzvv9HW-pA
https://twitter.com/RoyalSarkaria/status/1838010967084732692?t=8H9455glzP_rBBR35bNXcA
https://twitter.com/RoyalSarkaria/status/1838010967084732692?t=8H9455glzP_rBBR35bNXcA
https://x.com/imurswathinaidu/status/1835210115630215478?t=H_feFFYzrbUMCWWKaNlptA
https://x.com/imurswathinaidu/status/1835210115630215478?t=H_feFFYzrbUMCWWKaNlptA
https://x.com/LathaLokii/status/1838044327878008994?t=C1J4WTs1rq6LzmccyVS2Zw
https://x.com/LTurah85694/status/1837588881052783034?t=z5cDKYNsHFgpsRM2SXWIEg
https://twitter.com/DeekonKings/status/1838009719358976106?s=19
https://twitter.com/DeekonKings/status/1838009719358976106?s=19
https://twitter.com/DeekonKings/status/1838009719358976106?s=19
https://twitter.com/DeekonKings/status/1838009719358976106?s=19
https://twitter.com/DeekonKings/status/1838009719358976106?s=19
https://twitter.com/DeekonKings/status/1838009719358976106?s=19
https://twitter.com/DeekonKings/status/1838009719358976106?s=19
https://twitter.com/DeekonKings/status/1838009719358976106?s=19
https://x.com/trippirose/status/1828083408473563365?t=a99ZkvLkKaevs2VgCG0zrA
https://x.com/trippirose/status/1828083408473563365?t=a99ZkvLkKaevs2VgCG0zrA
https://x.com/Donguan22/status/1838697632815837225?t=QIXL0UuJ14OYc3Ve1pcAOg
https://x.com/AsandaThuto/status/1839224775987609715?t=guA5aTgjhH6zb4BN7U0TWA
https://x.com/Pussy_love9/status/1838919621015228848?t=PHwPoFKu8O09zDHTPc_3OA
